2023-03-24 18:05:33,659 INFO o.a.j.u.JMeterUtils: Setting Locale to en_EN
2023-03-24 18:05:33,680 INFO o.a.j.JMeter: Loading user properties from: /usr/local/Cellar/jmeter/5.5/libexec/bin/user.properties
2023-03-24 18:05:33,681 INFO o.a.j.JMeter: Loading system properties from: /usr/local/Cellar/jmeter/5.5/libexec/bin/system.properties
2023-03-24 18:05:33,687 INFO o.a.j.JMeter: Copyright (c) 1998-2022 The Apache Software Foundation
2023-03-24 18:05:33,688 INFO o.a.j.JMeter: Version 5.5
2023-03-24 18:05:33,688 INFO o.a.j.JMeter: java.version=19.0.2
2023-03-24 18:05:33,688 INFO o.a.j.JMeter: java.vm.name=OpenJDK 64-Bit Server VM
2023-03-24 18:05:33,688 INFO o.a.j.JMeter: os.name=Mac OS X
2023-03-24 18:05:33,688 INFO o.a.j.JMeter: os.arch=x86_64
2023-03-24 18:05:33,688 INFO o.a.j.JMeter: os.version=13.2.1
2023-03-24 18:05:33,688 INFO o.a.j.JMeter: file.encoding=UTF-8
2023-03-24 18:05:33,688 INFO o.a.j.JMeter: java.awt.headless=null
2023-03-24 18:05:33,688 INFO o.a.j.JMeter: Max memory     =1073741824
2023-03-24 18:05:33,688 INFO o.a.j.JMeter: Available Processors =8
2023-03-24 18:05:33,700 INFO o.a.j.JMeter: Default Locale=English (EN)
2023-03-24 18:05:33,700 INFO o.a.j.JMeter: JMeter  Locale=English (EN)
2023-03-24 18:05:33,700 INFO o.a.j.JMeter: JMeterHome=/usr/local/Cellar/jmeter/5.5/libexec
2023-03-24 18:05:33,700 INFO o.a.j.JMeter: user.dir  =/Users/spendit
2023-03-24 18:05:33,700 INFO o.a.j.JMeter: PWD       =/Users/spendit
2023-03-24 18:05:33,707 INFO o.a.j.JMeter: IP: 218.38.137.28 Name: Spenditui-MacBookPro.local FullName: 218.38.137.28
2023-03-24 18:05:33,715 INFO o.a.j.JMeter: Loaded icon properties from org/apache/jmeter/images/icon.properties
2023-03-24 18:05:34,076 INFO o.a.j.JMeterGuiLauncher: Setting LAF to: com.github.weisj.darklaf.DarkLaf:com.github.weisj.darklaf.theme.DarculaTheme
2023-03-24 18:05:36,314 INFO o.j.r.JARSourceHTTP: Requesting https://jmeter-plugins.org/repo/?installID=mac_os_x-4b9e85a248205a6be9efd5285437f864-gui
2023-03-24 18:05:38,773 INFO o.j.r.PluginManager: Plugins Status: [jpgc-graphs-basic=2.0, jpgc-casutg=2.10, jmeter.pack-listener=1.7, jpgc-plugins-manager=1.9, jmeter-core=5.5, jmeter-ftp=5.5, jmeter-http=5.5, jmeter-jdbc=5.5, jmeter-jms=5.5, jmeter-junit=5.5, jmeter-java=5.5, jmeter-ldap=5.5, jmeter-mail=5.5, jmeter-mongodb=5.5, jmeter-native=5.5, jmeter-tcp=5.5, jmeter-components=5.5]
2023-03-24 18:05:41,305 INFO o.a.j.s.FileServer: Default base='/Users/spendit'
2023-03-24 18:06:39,839 INFO o.a.j.g.a.Load: Loading file: /Users/spendit/Downloads/SPENDDIT_DEV2-2.jmx
2023-03-24 18:06:39,840 INFO o.a.j.s.FileServer: Set new base='/Users/spendit/Downloads'
2023-03-24 18:06:40,023 INFO o.a.j.s.SaveService: Testplan (JMX) version: 2.2. Testlog (JTL) version: 2.2
2023-03-24 18:06:40,030 INFO o.a.j.s.SaveService: Using SaveService properties version 5.0
2023-03-24 18:06:40,031 INFO o.a.j.s.SaveService: Using SaveService properties file encoding UTF-8
2023-03-24 18:06:40,032 INFO o.a.j.s.SaveService: Loading file: /Users/spendit/Downloads/SPENDDIT_DEV2-2.jmx
2023-03-24 18:06:40,150 INFO o.a.j.p.h.c.CookieManager: Settings: Delete null: true Check: true Allow variable: true Save: false Prefix: COOKIE_
2023-03-24 18:06:40,153 INFO o.a.j.p.h.c.CacheManager: Will only cache the following methods: [GET]
2023-03-24 18:06:40,159 INFO o.a.j.p.h.s.HTTPSamplerBase: Parser for text/html is org.apache.jmeter.protocol.http.parser.LagartoBasedHtmlParser
2023-03-24 18:06:40,159 INFO o.a.j.p.h.s.HTTPSamplerBase: Parser for application/xhtml+xml is org.apache.jmeter.protocol.http.parser.LagartoBasedHtmlParser
2023-03-24 18:06:40,159 INFO o.a.j.p.h.s.HTTPSamplerBase: Parser for application/xml is org.apache.jmeter.protocol.http.parser.LagartoBasedHtmlParser
2023-03-24 18:06:40,159 INFO o.a.j.p.h.s.HTTPSamplerBase: Parser for text/xml is org.apache.jmeter.protocol.http.parser.LagartoBasedHtmlParser
2023-03-24 18:06:40,159 INFO o.a.j.p.h.s.HTTPSamplerBase: Parser for text/vnd.wap.wml is org.apache.jmeter.protocol.http.parser.RegexpHTMLParser
2023-03-24 18:06:40,159 INFO o.a.j.p.h.s.HTTPSamplerBase: Parser for text/css is org.apache.jmeter.protocol.http.parser.CssParser
2023-03-24 18:06:40,446 INFO o.a.j.s.FileServer: Set new base='/Users/spendit/Downloads'
2023-03-24 18:06:51,443 INFO o.a.j.e.StandardJMeterEngine: Running the test!
2023-03-24 18:06:51,444 INFO o.a.j.s.SampleEvent: List of sample_variables: []
2023-03-24 18:06:51,444 INFO o.a.j.s.SampleEvent: List of sample_variables: []
2023-03-24 18:06:51,445 INFO o.a.j.e.u.CompoundVariable: Note: Function class names must contain the string: '.functions.'
2023-03-24 18:06:51,446 INFO o.a.j.e.u.CompoundVariable: Note: Function class names must not contain the string: '.gui.'
2023-03-24 18:06:51,487 INFO o.a.j.g.u.JMeterMenuBar: setRunning(true, *local*)
2023-03-24 18:06:51,532 INFO o.a.j.e.StandardJMeterEngine: Starting ThreadGroup: 1 : Thread Group
2023-03-24 18:06:51,532 INFO o.a.j.e.StandardJMeterEngine: Starting 10 threads for group Thread Group.
2023-03-24 18:06:51,532 INFO o.a.j.e.StandardJMeterEngine: Thread will continue on error
2023-03-24 18:06:51,533 INFO o.a.j.t.ThreadGroup: Starting thread group... number=1 threads=10 ramp-up=1 delayedStart=false
2023-03-24 18:06:51,537 INFO o.a.j.s.SampleResult: Note: Sample TimeStamps are START times
2023-03-24 18:06:51,538 INFO o.a.j.s.SampleResult: sampleresult.default.encoding is set to ISO-8859-1
2023-03-24 18:06:51,538 INFO o.a.j.s.SampleResult: sampleresult.useNanoTime=true
2023-03-24 18:06:51,538 INFO o.a.j.s.SampleResult: sampleresult.nanoThreadSleep=5000
2023-03-24 18:06:51,539 INFO o.a.j.t.JMeterThread: Thread started: Thread Group 1-1
2023-03-24 18:06:51,541 INFO o.a.j.t.ThreadGroup: Started thread group number 1
2023-03-24 18:06:51,541 INFO o.a.j.e.StandardJMeterEngine: All thread groups have been started
2023-03-24 18:06:51,547 INFO o.a.j.p.h.s.HTTPHCAbstractImpl: Local host = Spenditui-MacBookPro.local
2023-03-24 18:06:51,552 INFO o.a.j.p.h.s.HTTPHC4Impl: HTTP request retry count = 0
2023-03-24 18:06:51,610 INFO o.a.j.p.h.s.h.LazyLayeredConnectionSocketFactory: Setting up HTTPS TrustAll Socket Factory
2023-03-24 18:06:51,611 INFO o.a.j.u.JsseSSLManager: Using default SSL protocol: TLS
2023-03-24 18:06:51,611 INFO o.a.j.u.JsseSSLManager: SSL session context: per-thread
2023-03-24 18:06:51,619 INFO o.a.j.u.SSLManager: JmeterKeyStore Location:  type JKS
2023-03-24 18:06:51,620 INFO o.a.j.u.SSLManager: KeyStore created OK
2023-03-24 18:06:51,620 WARN o.a.j.u.SSLManager: Keystore file not found, loading empty keystore
2023-03-24 18:06:51,637 INFO o.a.j.t.JMeterThread: Thread started: Thread Group 1-2
2023-03-24 18:06:51,741 INFO o.a.j.t.JMeterThread: Thread started: Thread Group 1-3
2023-03-24 18:06:51,788 INFO o.a.j.p.h.p.BaseParser: Created org.apache.jmeter.protocol.http.parser.LagartoBasedHtmlParser
2023-03-24 18:06:51,788 INFO o.a.j.p.h.p.BaseParser: Created org.apache.jmeter.protocol.http.parser.LagartoBasedHtmlParser
2023-03-24 18:06:51,788 INFO o.a.j.p.h.p.BaseParser: Created org.apache.jmeter.protocol.http.parser.LagartoBasedHtmlParser
2023-03-24 18:06:51,831 INFO o.a.j.p.h.s.ResourcesDownloader: Creating ResourcesDownloader with keepalive_inseconds : 60
2023-03-24 18:06:51,837 INFO o.a.j.t.JMeterThread: Thread started: Thread Group 1-4
2023-03-24 18:06:51,935 INFO o.a.j.t.JMeterThread: Thread started: Thread Group 1-5
2023-03-24 18:06:51,939 INFO o.a.j.p.h.p.BaseParser: Created org.apache.jmeter.protocol.http.parser.CssParser
2023-03-24 18:06:51,939 INFO o.a.j.p.h.p.BaseParser: Created org.apache.jmeter.protocol.http.parser.CssParser
2023-03-24 18:06:51,939 INFO o.a.j.p.h.p.BaseParser: Created org.apache.jmeter.protocol.http.parser.CssParser
2023-03-24 18:06:51,939 INFO o.a.j.p.h.p.BaseParser: Created org.apache.jmeter.protocol.http.parser.CssParser
2023-03-24 18:06:51,939 INFO o.a.j.p.h.p.BaseParser: Created org.apache.jmeter.protocol.http.parser.CssParser
2023-03-24 18:06:51,939 INFO o.a.j.p.h.p.BaseParser: Created org.apache.jmeter.protocol.http.parser.CssParser
2023-03-24 18:06:51,940 INFO o.a.j.p.h.p.BaseParser: Created org.apache.jmeter.protocol.http.parser.CssParser
2023-03-24 18:06:51,940 INFO o.a.j.p.h.p.BaseParser: Created org.apache.jmeter.protocol.http.parser.CssParser
2023-03-24 18:06:52,034 INFO o.a.j.t.JMeterThread: Thread started: Thread Group 1-6
2023-03-24 18:06:52,138 INFO o.a.j.t.JMeterThread: Thread started: Thread Group 1-7
2023-03-24 18:06:52,234 INFO o.a.j.t.JMeterThread: Thread started: Thread Group 1-8
2023-03-24 18:06:52,337 INFO o.a.j.t.JMeterThread: Thread started: Thread Group 1-9
2023-03-24 18:06:52,438 INFO o.a.j.t.JMeterThread: Thread started: Thread Group 1-10
2023-03-24 18:07:21,554 INFO o.a.j.t.JMeterThread: Stopping because end time detected by thread: Thread Group 1-5
2023-03-24 18:07:21,554 INFO o.a.j.t.JMeterThread: Stopping because end time detected by thread: Thread Group 1-2
2023-03-24 18:07:21,554 INFO o.a.j.t.JMeterThread: Stopping because end time detected by thread: Thread Group 1-7
2023-03-24 18:07:21,556 INFO o.a.j.t.JMeterThread: Thread finished: Thread Group 1-5
2023-03-24 18:07:21,556 INFO o.a.j.t.JMeterThread: Thread finished: Thread Group 1-2
2023-03-24 18:07:21,556 INFO o.a.j.t.JMeterThread: Thread finished: Thread Group 1-7
2023-03-24 18:07:21,558 INFO o.a.j.t.JMeterThread: Stopping because end time detected by thread: Thread Group 1-4
2023-03-24 18:07:21,559 INFO o.a.j.t.JMeterThread: Thread finished: Thread Group 1-4
2023-03-24 18:07:21,565 INFO o.a.j.t.JMeterThread: Stopping because end time detected by thread: Thread Group 1-1
2023-03-24 18:07:21,565 INFO o.a.j.t.JMeterThread: Thread finished: Thread Group 1-1
2023-03-24 18:07:21,570 INFO o.a.j.t.JMeterThread: Stopping because end time detected by thread: Thread Group 1-10
2023-03-24 18:07:21,571 INFO o.a.j.t.JMeterThread: Thread finished: Thread Group 1-10
2023-03-24 18:07:21,571 INFO o.a.j.t.JMeterThread: Stopping because end time detected by thread: Thread Group 1-9
2023-03-24 18:07:21,572 INFO o.a.j.t.JMeterThread: Thread finished: Thread Group 1-9
2023-03-24 18:07:21,576 INFO o.a.j.t.JMeterThread: Stopping because end time detected by thread: Thread Group 1-8
2023-03-24 18:07:21,576 INFO o.a.j.t.JMeterThread: Thread finished: Thread Group 1-8
2023-03-24 18:07:21,580 INFO o.a.j.t.JMeterThread: Stopping because end time detected by thread: Thread Group 1-6
2023-03-24 18:07:21,581 INFO o.a.j.t.JMeterThread: Stopping because end time detected by thread: Thread Group 1-3
2023-03-24 18:07:21,581 INFO o.a.j.t.JMeterThread: Thread finished: Thread Group 1-6
2023-03-24 18:07:21,581 INFO o.a.j.t.JMeterThread: Thread finished: Thread Group 1-3
2023-03-24 18:07:21,583 INFO o.a.j.e.StandardJMeterEngine: Notifying test listeners of end of test
2023-03-24 18:07:21,583 INFO o.a.j.g.u.JMeterMenuBar: setRunning(false, *local*)
